[debug] [2020-11-01T04:03:23.993Z] ----------------------------------------------------------------------
[debug] [2020-11-01T04:03:23.995Z] Command:       C:\Program Files\nodejs\node.exe C:\Users\Pitu\AppData\Roaming\npm\node_modules\firebase-tools\lib\bin\firebase.js init
[debug] [2020-11-01T04:03:23.995Z] CLI Version:   8.14.1
[debug] [2020-11-01T04:03:23.995Z] Platform:      win32
[debug] [2020-11-01T04:03:23.996Z] Node Version:  v14.6.0
[debug] [2020-11-01T04:03:23.997Z] Time:          Sun Nov 01 2020 01:03:23 GMT-0300 (hora estándar de Argentina)
[debug] [2020-11-01T04:03:23.997Z] ----------------------------------------------------------------------
[debug] [2020-11-01T04:03:23.997Z] 
[debug] [2020-11-01T04:03:24.003Z] > command requires scopes: ["email","openid","https://www.googleapis.com/auth/cloudplatformprojects.readonly","https://www.googleapis.com/auth/firebase","https://www.googleapis.com/auth/cloud-platform"]
[debug] [2020-11-01T04:03:24.003Z] > authorizing via signed-in user
[info] 
     ######## #### ########  ######## ########     ###     ######  ########
     ##        ##  ##     ## ##       ##     ##  ##   ##  ##       ##
     ######    ##  ########  ######   ########  #########  ######  ######
     ##        ##  ##    ##  ##       ##     ## ##     ##       ## ##
     ##       #### ##     ## ######## ########  ##     ##  ######  ########

You're about to initialize a Firebase project in this directory:

  C:\Users\Pitu\Documents\GitHub\REACT\auto-city

[info] 
=== Project Setup
[info] 
[info] First, let's associate this project directory with a Firebase project.
[info] You can create multiple project aliases by running firebase use --add, 
[info] but for now we'll just set up a default project.
[info] 
[debug] [2020-11-01T04:04:01.204Z] > refreshing access token with scopes: ["email","https://www.googleapis.com/auth/cloud-platform","https://www.googleapis.com/auth/cloudplatformprojects.readonly","https://www.googleapis.com/auth/firebase","openid"]
[debug] [2020-11-01T04:04:01.205Z] >>> HTTP REQUEST POST https://www.googleapis.com/oauth2/v3/token  
 <request body omitted>
[debug] [2020-11-01T04:04:01.569Z] <<< HTTP RESPONSE 200 {"pragma":"no-cache","expires":"Mon, 01 Jan 1990 00:00:00 GMT","cache-control":"no-cache, no-store, max-age=0, must-revalidate","date":"Sun, 01 Nov 2020 04:04:00 GMT","content-type":"application/json; charset=utf-8","vary":"X-Origin, Referer, Origin,Accept-Encoding","server":"scaffolding on HTTPServer2","x-xss-protection":"0","x-frame-options":"SAMEORIGIN","x-content-type-options":"nosniff","alt-svc":"h3-Q050=\":443\"; ma=2592000,h3-29=\":443\"; ma=2592000,h3-T051=\":443\"; ma=2592000,h3-T050=\":443\"; ma=2592000,h3-Q046=\":443\"; ma=2592000,h3-Q043=\":443\"; ma=2592000,quic=\":443\"; ma=2592000; v=\"46,43\"","accept-ranges":"none","transfer-encoding":"chunked"}
[debug] [2020-11-01T04:04:01.586Z] >>> HTTP REQUEST GET https://firebase.googleapis.com/v1beta1/projects?pageSize=100  
 
[debug] [2020-11-01T04:04:02.797Z] <<< HTTP RESPONSE 200 {"content-type":"application/json; charset=UTF-8","vary":"X-Origin, Referer, Origin,Accept-Encoding","date":"Sun, 01 Nov 2020 04:04:01 GMT","server":"ESF","cache-control":"private","x-xss-protection":"0","x-frame-options":"SAMEORIGIN","x-content-type-options":"nosniff","alt-svc":"h3-Q050=\":443\"; ma=2592000,h3-29=\":443\"; ma=2592000,h3-T051=\":443\"; ma=2592000,h3-T050=\":443\"; ma=2592000,h3-Q046=\":443\"; ma=2592000,h3-Q043=\":443\"; ma=2592000,quic=\":443\"; ma=2592000; v=\"46,43\"","accept-ranges":"none","transfer-encoding":"chunked"}
[debug] [2020-11-01T04:05:50.987Z] ----------------------------------------------------------------------
[debug] [2020-11-01T04:05:50.989Z] Command:       C:\Program Files\nodejs\node.exe C:\Users\Pitu\AppData\Roaming\npm\node_modules\firebase-tools\lib\bin\firebase.js init
[debug] [2020-11-01T04:05:50.989Z] CLI Version:   8.14.1
[debug] [2020-11-01T04:05:50.989Z] Platform:      win32
[debug] [2020-11-01T04:05:50.989Z] Node Version:  v14.6.0
[debug] [2020-11-01T04:05:50.990Z] Time:          Sun Nov 01 2020 01:05:50 GMT-0300 (hora estándar de Argentina)
[debug] [2020-11-01T04:05:50.990Z] ----------------------------------------------------------------------
[debug] [2020-11-01T04:05:50.990Z] 
[debug] [2020-11-01T04:05:50.996Z] > command requires scopes: ["email","openid","https://www.googleapis.com/auth/cloudplatformprojects.readonly","https://www.googleapis.com/auth/firebase","https://www.googleapis.com/auth/cloud-platform"]
[debug] [2020-11-01T04:05:50.997Z] > authorizing via signed-in user
[info] 
     ######## #### ########  ######## ########     ###     ######  ########
     ##        ##  ##     ## ##       ##     ##  ##   ##  ##       ##
     ######    ##  ########  ######   ########  #########  ######  ######
     ##        ##  ##    ##  ##       ##     ## ##     ##       ## ##
     ##       #### ##     ## ######## ########  ##     ##  ######  ########

You're about to initialize a Firebase project in this directory:

  C:\Users\Pitu\Documents\GitHub\REACT\auto-city

[info] 
=== Project Setup
[info] 
[info] First, let's associate this project directory with a Firebase project.
[info] You can create multiple project aliases by running firebase use --add, 
[info] but for now we'll just set up a default project.
[info] 
[debug] [2020-11-01T04:05:59.724Z] >>> HTTP REQUEST GET https://firebase.googleapis.com/v1beta1/projects?pageSize=100  
 
[debug] [2020-11-01T04:06:00.878Z] <<< HTTP RESPONSE 200 {"content-type":"application/json; charset=UTF-8","vary":"X-Origin, Referer, Origin,Accept-Encoding","date":"Sun, 01 Nov 2020 04:05:59 GMT","server":"ESF","cache-control":"private","x-xss-protection":"0","x-frame-options":"SAMEORIGIN","x-content-type-options":"nosniff","alt-svc":"h3-Q050=\":443\"; ma=2592000,h3-29=\":443\"; ma=2592000,h3-T051=\":443\"; ma=2592000,h3-T050=\":443\"; ma=2592000,h3-Q046=\":443\"; ma=2592000,h3-Q043=\":443\"; ma=2592000,quic=\":443\"; ma=2592000; v=\"46,43\"","accept-ranges":"none","transfer-encoding":"chunked"}
[debug] [2020-11-01T04:06:46.579Z] ----------------------------------------------------------------------
[debug] [2020-11-01T04:06:46.581Z] Command:       C:\Program Files\nodejs\node.exe C:\Users\Pitu\AppData\Roaming\npm\node_modules\firebase-tools\lib\bin\firebase.js init
[debug] [2020-11-01T04:06:46.582Z] CLI Version:   8.14.1
[debug] [2020-11-01T04:06:46.582Z] Platform:      win32
[debug] [2020-11-01T04:06:46.582Z] Node Version:  v14.6.0
[debug] [2020-11-01T04:06:46.583Z] Time:          Sun Nov 01 2020 01:06:46 GMT-0300 (hora estándar de Argentina)
[debug] [2020-11-01T04:06:46.583Z] ----------------------------------------------------------------------
[debug] [2020-11-01T04:06:46.583Z] 
[debug] [2020-11-01T04:06:46.589Z] > command requires scopes: ["email","openid","https://www.googleapis.com/auth/cloudplatformprojects.readonly","https://www.googleapis.com/auth/firebase","https://www.googleapis.com/auth/cloud-platform"]
[debug] [2020-11-01T04:06:46.590Z] > authorizing via signed-in user
[info] 
     ######## #### ########  ######## ########     ###     ######  ########
     ##        ##  ##     ## ##       ##     ##  ##   ##  ##       ##
     ######    ##  ########  ######   ########  #########  ######  ######
     ##        ##  ##    ##  ##       ##     ## ##     ##       ## ##
     ##       #### ##     ## ######## ########  ##     ##  ######  ########

You're about to initialize a Firebase project in this directory:

  C:\Users\Pitu\Documents\GitHub\REACT\auto-city

[info] 
=== Project Setup
[info] 
[info] First, let's associate this project directory with a Firebase project.
[info] You can create multiple project aliases by running firebase use --add, 
[info] but for now we'll just set up a default project.
[info] 
[info] i  If you want to create a project in a Google Cloud organization or folder, please use "firebase projects:create" instead, and return to this command when you've created the project. 
[debug] [2020-11-01T04:09:18.176Z] ----------------------------------------------------------------------
[debug] [2020-11-01T04:09:18.178Z] Command:       C:\Program Files\nodejs\node.exe C:\Users\Pitu\AppData\Roaming\npm\node_modules\firebase-tools\lib\bin\firebase.js init
[debug] [2020-11-01T04:09:18.178Z] CLI Version:   8.14.1
[debug] [2020-11-01T04:09:18.178Z] Platform:      win32
[debug] [2020-11-01T04:09:18.178Z] Node Version:  v14.6.0
[debug] [2020-11-01T04:09:18.180Z] Time:          Sun Nov 01 2020 01:09:18 GMT-0300 (hora estándar de Argentina)
[debug] [2020-11-01T04:09:18.180Z] ----------------------------------------------------------------------
[debug] [2020-11-01T04:09:18.180Z] 
[debug] [2020-11-01T04:09:18.186Z] > command requires scopes: ["email","openid","https://www.googleapis.com/auth/cloudplatformprojects.readonly","https://www.googleapis.com/auth/firebase","https://www.googleapis.com/auth/cloud-platform"]
[debug] [2020-11-01T04:09:18.186Z] > authorizing via signed-in user
[info] 
     ######## #### ########  ######## ########     ###     ######  ########
     ##        ##  ##     ## ##       ##     ##  ##   ##  ##       ##
     ######    ##  ########  ######   ########  #########  ######  ######
     ##        ##  ##    ##  ##       ##     ## ##     ##       ## ##
     ##       #### ##     ## ######## ########  ##     ##  ######  ########

You're about to initialize a Firebase project in this directory:

  C:\Users\Pitu\Documents\GitHub\REACT\auto-city

[info] 
=== Project Setup
[info] 
[info] First, let's associate this project directory with a Firebase project.
[info] You can create multiple project aliases by running firebase use --add, 
[info] but for now we'll just set up a default project.
[info] 
[debug] [2020-11-01T04:09:26.212Z] >>> HTTP REQUEST GET https://firebase.googleapis.com/v1beta1/projects?pageSize=100  
 
[debug] [2020-11-01T04:09:27.762Z] <<< HTTP RESPONSE 200 {"content-type":"application/json; charset=UTF-8","vary":"X-Origin, Referer, Origin,Accept-Encoding","date":"Sun, 01 Nov 2020 04:09:26 GMT","server":"ESF","cache-control":"private","x-xss-protection":"0","x-frame-options":"SAMEORIGIN","x-content-type-options":"nosniff","alt-svc":"h3-Q050=\":443\"; ma=2592000,h3-29=\":443\"; ma=2592000,h3-T051=\":443\"; ma=2592000,h3-T050=\":443\"; ma=2592000,h3-Q046=\":443\"; ma=2592000,h3-Q043=\":443\"; ma=2592000,quic=\":443\"; ma=2592000; v=\"46,43\"","accept-ranges":"none","transfer-encoding":"chunked"}
[info] i  Using project app-wp-a8555 (app-wp) 
[info] 
=== Hosting Setup
[info] 
[info] Your public directory is the folder (relative to your project directory) that
[info] will contain Hosting assets to be uploaded with firebase deploy. If you
[info] have a build process for your assets, use your build's output directory.
[info] 
[debug] [2020-11-01T04:14:52.495Z] ----------------------------------------------------------------------
[debug] [2020-11-01T04:14:52.497Z] Command:       C:\Program Files\nodejs\node.exe C:\Users\Pitu\AppData\Roaming\npm\node_modules\firebase-tools\lib\bin\firebase.js init
[debug] [2020-11-01T04:14:52.497Z] CLI Version:   8.14.1
[debug] [2020-11-01T04:14:52.497Z] Platform:      win32
[debug] [2020-11-01T04:14:52.497Z] Node Version:  v14.6.0
[debug] [2020-11-01T04:14:52.498Z] Time:          Sun Nov 01 2020 01:14:52 GMT-0300 (hora estándar de Argentina)
[debug] [2020-11-01T04:14:52.498Z] ----------------------------------------------------------------------
[debug] [2020-11-01T04:14:52.499Z] 
[debug] [2020-11-01T04:14:52.504Z] > command requires scopes: ["email","openid","https://www.googleapis.com/auth/cloudplatformprojects.readonly","https://www.googleapis.com/auth/firebase","https://www.googleapis.com/auth/cloud-platform"]
[debug] [2020-11-01T04:14:52.505Z] > authorizing via signed-in user
[info] 
     ######## #### ########  ######## ########     ###     ######  ########
     ##        ##  ##     ## ##       ##     ##  ##   ##  ##       ##
     ######    ##  ########  ######   ########  #########  ######  ######
     ##        ##  ##    ##  ##       ##     ## ##     ##       ## ##
     ##       #### ##     ## ######## ########  ##     ##  ######  ########

You're about to initialize a Firebase project in this directory:

  C:\Users\Pitu\Documents\GitHub\REACT\auto-city

[info] 
=== Project Setup
[info] 
[info] First, let's associate this project directory with a Firebase project.
[info] You can create multiple project aliases by running firebase use --add, 
[info] but for now we'll just set up a default project.
[info] 
[debug] [2020-11-01T04:14:58.524Z] >>> HTTP REQUEST GET https://firebase.googleapis.com/v1beta1/projects?pageSize=100  
 
[debug] [2020-11-01T04:14:59.739Z] <<< HTTP RESPONSE 200 {"content-type":"application/json; charset=UTF-8","vary":"X-Origin, Referer, Origin,Accept-Encoding","date":"Sun, 01 Nov 2020 04:14:58 GMT","server":"ESF","cache-control":"private","x-xss-protection":"0","x-frame-options":"SAMEORIGIN","x-content-type-options":"nosniff","alt-svc":"h3-Q050=\":443\"; ma=2592000,h3-29=\":443\"; ma=2592000,h3-T051=\":443\"; ma=2592000,h3-T050=\":443\"; ma=2592000,h3-Q046=\":443\"; ma=2592000,h3-Q043=\":443\"; ma=2592000,quic=\":443\"; ma=2592000; v=\"46,43\"","accept-ranges":"none","transfer-encoding":"chunked"}
